Watching for file changes with StatReloader
Bad Request: /api/login/
[09/Mar/2026 16:44:53] "POST /api/login/ HTTP/1.1" 400 54
[09/Mar/2026 16:45:25] "POST /api/signup/ HTTP/1.1" 201 237
[09/Mar/2026 16:57:05] "GET / HTTP/1.1" 200 19451
[09/Mar/2026 16:57:05] "GET /api/properties/public_listings/ HTTP/1.1" 200 2517
[09/Mar/2026 16:57:05] "GET /media/property_photos/1TGLVH_0.png HTTP/1.1" 200 48108
[09/Mar/2026 16:57:20] "GET / HTTP/1.1" 200 19451
[09/Mar/2026 16:57:20] "GET /api/properties/public_listings/ HTTP/1.1" 200 2517
[09/Mar/2026 16:57:22] "GET /property/1TGLVH/ HTTP/1.1" 200 40057
[09/Mar/2026 16:57:22] "GET /api/properties/1TGLVH/by_listing_id/ HTTP/1.1" 200 1036
[09/Mar/2026 16:57:22] "GET /media/property_photos/1TGLVH_1.png HTTP/1.1" 200 41504
[09/Mar/2026 16:57:22] "GET /media/property_photos/1TGLVH_4.jpg HTTP/1.1" 200 19377
[09/Mar/2026 16:57:22] "GET /media/property_photos/1TGLVH_2.jpg HTTP/1.1" 200 102550
[09/Mar/2026 16:57:22] "GET /media/property_photos/1TGLVH_3.jpeg HTTP/1.1" 200 77633
[09/Mar/2026 16:57:27] "GET /login/ HTTP/1.1" 200 15444
[09/Mar/2026 16:57:29] "GET /login/ HTTP/1.1" 200 15444
[09/Mar/2026 16:57:40] "GET /signup/ HTTP/1.1" 200 17933
[09/Mar/2026 16:58:03] "POST /api/signup/ HTTP/1.1" 201 244
[09/Mar/2026 16:58:05] "GET /dashboard/realtor/ HTTP/1.1" 200 99652
[09/Mar/2026 16:58:05] "GET /api/realtor-profile/me/ HTTP/1.1" 201 410
Bad Request: /api/realtor-profile/update_profile/
[09/Mar/2026 16:58:29] "PATCH /api/realtor-profile/update_profile/ HTTP/1.1" 400 43
Bad Request: /api/realtor-profile/update_profile/
[09/Mar/2026 16:58:31] "PATCH /api/realtor-profile/update_profile/ HTTP/1.1" 400 43
[09/Mar/2026 16:58:33] "GET /dashboard/realtor/?tab=profile HTTP/1.1" 200 99652
[09/Mar/2026 16:58:33] "GET /api/realtor-profile/me/ HTTP/1.1" 200 410
Not Found: /.well-known/appspecific/com.chrome.devtools.json
[09/Mar/2026 16:58:36] "GET /.well-known/appspecific/com.chrome.devtools.json HTTP/1.1" 404 4923
[09/Mar/2026 16:58:42] "PATCH /api/realtor-profile/update_profile/ HTTP/1.1" 200 454
[09/Mar/2026 16:58:51] "GET /dashboard/realtor/?tab=profile HTTP/1.1" 200 99652
Not Found: /.well-known/appspecific/com.chrome.devtools.json
[09/Mar/2026 16:58:51] "GET /.well-known/appspecific/com.chrome.devtools.json HTTP/1.1" 404 4923
[09/Mar/2026 16:58:51] "GET /api/realtor-profile/me/ HTTP/1.1" 200 454
[09/Mar/2026 16:59:17] "PATCH /api/realtor-profile/update_profile/ HTTP/1.1" 200 508
[09/Mar/2026 16:59:20] "GET /dashboard/realtor/?tab=profile HTTP/1.1" 200 99652
Not Found: /.well-known/appspecific/com.chrome.devtools.json
[09/Mar/2026 16:59:20] "GET /.well-known/appspecific/com.chrome.devtools.json HTTP/1.1" 404 4923
[09/Mar/2026 16:59:20] "GET /api/realtor-profile/me/ HTTP/1.1" 200 508
[09/Mar/2026 16:59:24] "GET /api/properties/ HTTP/1.1" 200 2
[09/Mar/2026 17:00:11] "POST /api/properties/ HTTP/1.1" 201 763
[09/Mar/2026 17:00:11] "POST /api/properties/8/upload_photos/ HTTP/1.1" 200 362
[09/Mar/2026 17:00:11] "GET /api/properties/ HTTP/1.1" 200 1082
[09/Mar/2026 17:00:11] "GET /media/property_photos/9XKE13_0.png HTTP/1.1" 200 48108
[09/Mar/2026 17:00:11] "GET /api/properties/ HTTP/1.1" 200 1082
[09/Mar/2026 17:00:17] "GET / HTTP/1.1" 200 19451
[09/Mar/2026 17:00:17] "GET /api/properties/public_listings/ HTTP/1.1" 200 3598
[09/Mar/2026 17:00:17] "GET /media/property_photos/9XKE13_0.png HTTP/1.1" 304 0
[09/Mar/2026 17:00:24] "GET /dashboard/realtor/ HTTP/1.1" 200 99652
[09/Mar/2026 17:00:24] "GET /api/realtor-profile/me/ HTTP/1.1" 200 508
[09/Mar/2026 17:00:29] "GET / HTTP/1.1" 200 19451
[09/Mar/2026 17:00:29] "GET /api/properties/public_listings/ HTTP/1.1" 200 3598
[09/Mar/2026 17:00:29] "GET /media/property_photos/9XKE13_0.png HTTP/1.1" 304 0
[09/Mar/2026 17:00:35] "GET /property/9XKE13/ HTTP/1.1" 200 40057
[09/Mar/2026 17:00:35] "GET /api/properties/9XKE13/by_listing_id/ HTTP/1.1" 200 1080
[09/Mar/2026 17:00:35] "GET /media/property_photos/9XKE13_0.png HTTP/1.1" 304 0
[09/Mar/2026 17:00:35] "GET /media/property_photos/9XKE13_1.png HTTP/1.1" 200 41504
[09/Mar/2026 17:00:35] "GET /media/property_photos/9XKE13_3.jpeg HTTP/1.1" 200 77633
[09/Mar/2026 17:00:35] "GET /media/property_photos/9XKE13_2.jpg HTTP/1.1" 200 102550
[09/Mar/2026 17:00:35] "GET /media/property_photos/9XKE13_4.jpg HTTP/1.1" 200 19377
[09/Mar/2026 17:00:54] "GET /dashboard/realtor/ HTTP/1.1" 200 99652
[09/Mar/2026 17:00:54] "GET /api/realtor-profile/me/ HTTP/1.1" 200 508
[09/Mar/2026 17:01:00] "POST /api/realtor-profile/upload_photo/ HTTP/1.1" 200 94
[09/Mar/2026 17:01:00] "GET /media/profile_photos/50_test1@123.jpg HTTP/1.1" 200 19377
[09/Mar/2026 17:01:01] "GET /dashboard/realtor/?tab=profile HTTP/1.1" 200 99652
[09/Mar/2026 17:01:01] "GET /api/realtor-profile/me/ HTTP/1.1" 200 546
[09/Mar/2026 17:01:01] "GET /media/profile_photos/50_test1@123.jpg HTTP/1.1" 304 0
[09/Mar/2026 17:01:02] "GET /api/properties/ HTTP/1.1" 200 1082
[09/Mar/2026 17:01:02] "GET /media/property_photos/9XKE13_0.png HTTP/1.1" 304 0
[09/Mar/2026 17:01:05] "GET /property/9XKE13/ HTTP/1.1" 200 40057
[09/Mar/2026 17:01:05] "GET /api/properties/9XKE13/by_listing_id/ HTTP/1.1" 200 1080
[09/Mar/2026 17:01:05] "GET /media/property_photos/9XKE13_1.png HTTP/1.1" 304 0
[09/Mar/2026 17:01:05] "GET /media/property_photos/9XKE13_3.jpeg HTTP/1.1" 304 0
[09/Mar/2026 17:01:05] "GET /media/property_photos/9XKE13_4.jpg HTTP/1.1" 304 0
[09/Mar/2026 17:01:05] "GET /media/property_photos/9XKE13_2.jpg HTTP/1.1" 304 0
[09/Mar/2026 17:01:12] "GET / HTTP/1.1" 200 19451
[09/Mar/2026 17:01:12] "GET /api/properties/public_listings/ HTTP/1.1" 200 3598
[09/Mar/2026 17:01:12] "GET /media/property_photos/9XKE13_0.png HTTP/1.1" 304 0
[09/Mar/2026 17:01:13] "GET / HTTP/1.1" 200 19451
[09/Mar/2026 17:01:13] "GET /api/properties/public_listings/ HTTP/1.1" 200 3598
[09/Mar/2026 17:01:24] "GET / HTTP/1.1" 200 19451
[09/Mar/2026 17:01:24] "GET /api/properties/public_listings/ HTTP/1.1" 200 3598
[09/Mar/2026 17:01:24] "GET /media/property_photos/9XKE13_0.png HTTP/1.1" 304 0
[09/Mar/2026 17:01:27] "GET /signup/ HTTP/1.1" 200 17933
[09/Mar/2026 17:01:55] "POST /api/signup/ HTTP/1.1" 201 232
[09/Mar/2026 17:01:57] "GET /dashboard/lender/ HTTP/1.1" 200 40382
[09/Mar/2026 17:01:57] "GET /api/lender-profile/me/ HTTP/1.1" 201 449
[09/Mar/2026 17:03:03] "PATCH /api/lender-profile/update_profile/ HTTP/1.1" 200 537
[09/Mar/2026 17:03:05] "GET /dashboard/lender/?tab=profile HTTP/1.1" 200 40382
[09/Mar/2026 17:03:05] "GET /api/lender-profile/me/ HTTP/1.1" 200 537
[09/Mar/2026 17:03:10] "POST /api/lender-profile/upload_photo/ HTTP/1.1" 200 91
[09/Mar/2026 17:03:10] "GET /media/profile_photos/51_lender.jpg HTTP/1.1" 200 102550
[09/Mar/2026 17:03:12] "GET /dashboard/lender/?tab=profile HTTP/1.1" 200 40382
[09/Mar/2026 17:03:12] "GET /api/lender-profile/me/ HTTP/1.1" 200 572
[09/Mar/2026 17:03:12] "GET /media/profile_photos/51_lender.jpg HTTP/1.1" 304 0
/Users/chirag/Desktop/project/openhouse/core/api/models.py changed, reloading.
Performing system checks...

System check identified no issues (0 silenced).
March 09, 2026 - 16:44:51
Django version 6.0.2, using settings 'core.settings'
Starting development server at http://127.0.0.1:8000/
Quit the server with CONTROL-C.

WARNING: This is a development server. Do not use it in a production setting. Use a production WSGI or ASGI server instead.
For more information on production servers see: https://docs.djangoproject.com/en/6.0/howto/deployment/
Watching for file changes with StatReloader
/Users/chirag/Desktop/project/openhouse/core/api/serializers.py changed, reloading.
Performing system checks...

System check identified no issues (0 silenced).
March 09, 2026 - 17:05:00
Django version 6.0.2, using settings 'core.settings'
Starting development server at http://127.0.0.1:8000/
Quit the server with CONTROL-C.

WARNING: This is a development server. Do not use it in a production setting. Use a production WSGI or ASGI server instead.
For more information on production servers see: https://docs.djangoproject.com/en/6.0/howto/deployment/
Watching for file changes with StatReloader
/Users/chirag/Desktop/project/openhouse/core/api/models.py changed, reloading.
Performing system checks...

System check identified no issues (0 silenced).
March 09, 2026 - 17:05:11
Django version 6.0.2, using settings 'core.settings'
Starting development server at http://127.0.0.1:8000/
Quit the server with CONTROL-C.

WARNING: This is a development server. Do not use it in a production setting. Use a production WSGI or ASGI server instead.
For more information on production servers see: https://docs.djangoproject.com/en/6.0/howto/deployment/
Watching for file changes with StatReloader
/Users/chirag/Desktop/project/openhouse/core/api/views.py changed, reloading.
Performing system checks...

System check identified no issues (0 silenced).
March 09, 2026 - 17:05:28
Django version 6.0.2, using settings 'core.settings'
Starting development server at http://127.0.0.1:8000/
Quit the server with CONTROL-C.

WARNING: This is a development server. Do not use it in a production setting. Use a production WSGI or ASGI server instead.
For more information on production servers see: https://docs.djangoproject.com/en/6.0/howto/deployment/
Watching for file changes with StatReloader
[09/Mar/2026 17:10:07] "GET /dashboard/lender/?tab=settings HTTP/1.1" 200 56509
[09/Mar/2026 17:10:07] "GET /api/notification-settings/me/ HTTP/1.1" 200 142
[09/Mar/2026 17:10:07] "GET /api/lender-profile/me/ HTTP/1.1" 200 572
[09/Mar/2026 17:10:07] "GET /media/profile_photos/51_lender.jpg HTTP/1.1" 304 0
[09/Mar/2026 17:10:09] "GET /api/properties/public_listings/ HTTP/1.1" 200 3598
[09/Mar/2026 17:10:09] "GET /api/perks/by_property/8/ HTTP/1.1" 200 2
[09/Mar/2026 17:10:16] "POST /api/signup/ HTTP/1.1" 201 259
[09/Mar/2026 17:10:16] "POST /api/signup/ HTTP/1.1" 201 254
[09/Mar/2026 17:10:16] "POST /api/login/ HTTP/1.1" 200 250
[09/Mar/2026 17:10:16] "POST /api/login/ HTTP/1.1" 200 245
[09/Mar/2026 17:10:16] "POST /api/properties/ HTTP/1.1" 201 617
[09/Mar/2026 17:10:18] "GET /dashboard/lender/?tab=profile HTTP/1.1" 200 56509
[09/Mar/2026 17:10:19] "POST /api/lender-profile/upload_business_card/ HTTP/1.1" 200 139
[09/Mar/2026 17:10:19] "GET /media/business_cards/53_lender_1773076216169_front.jpg HTTP/1.1" 200 18
[09/Mar/2026 17:10:19] "GET /api/lender-profile/me/ HTTP/1.1" 200 512
[09/Mar/2026 17:10:19] "GET /media/business_cards/53_lender_1773076216169_front.jpg HTTP/1.1" 304 0
Internal Server Error: /api/lender-profile/upload_business_card/
Traceback (most recent call last):
  File "/Users/chirag/Desktop/project/openhouse/core/api/views.py", line 253, in upload_business_card
    profile = LenderProfile.objects.get(user=request.user)
  File "/Users/chirag/Desktop/project/openhouse/core/venv/lib/python3.14/site-packages/django/db/models/manager.py", line 87, in manager_method
    return getattr(self.get_queryset(), name)(*args, **kwargs)
           ~~~~~~~~~~~~~~~~~~~~~~~~~~~~~~~~~~^^^^^^^^^^^^^^^^^
  File "/Users/chirag/Desktop/project/openhouse/core/venv/lib/python3.14/site-packages/django/db/models/query.py", line 639, in get
    raise self.model.DoesNotExist(
        "%s matching query does not exist." % self.model._meta.object_name
    )
api.models.LenderProfile.DoesNotExist: LenderProfile matching query does not exist.

During handling of the above exception, another exception occurred:

Traceback (most recent call last):
  File "/Users/chirag/Desktop/project/openhouse/core/venv/lib/python3.14/site-packages/django/db/backends/utils.py", line 105, in _execute
    return self.cursor.execute(sql, params)
           ~~~~~~~~~~~~~~~~~~~^^^^^^^^^^^^^
  File "/Users/chirag/Desktop/project/openhouse/core/venv/lib/python3.14/site-packages/django/db/backends/sqlite3/base.py", line 359, in execute
    return super().execute(query, params)
           ~~~~~~~~~~~~~~~^^^^^^^^^^^^^^^
sqlite3.IntegrityError: UNIQUE constraint failed: api_lenderprofile.user_id

The above exception was the direct cause of the following exception:

Traceback (most recent call last):
  File "/Users/chirag/Desktop/project/openhouse/core/venv/lib/python3.14/site-packages/django/core/handlers/exception.py", line 55, in inner
    response = get_response(request)
  File "/Users/chirag/Desktop/project/openhouse/core/venv/lib/python3.14/site-packages/django/core/handlers/base.py", line 198, in _get_response
    response = wrapped_callback(request, *callback_args, **callback_kwargs)
  File "/Users/chirag/Desktop/project/openhouse/core/venv/lib/python3.14/site-packages/django/views/decorators/csrf.py", line 65, in _view_wrapper
    return view_func(request, *args, **kwargs)
  File "/Users/chirag/Desktop/project/openhouse/core/venv/lib/python3.14/site-packages/rest_framework/viewsets.py", line 125, in view
    return self.dispatch(request, *args, **kwargs)
           ~~~~~~~~~~~~~^^^^^^^^^^^^^^^^^^^^^^^^^^
  File "/Users/chirag/Desktop/project/openhouse/core/venv/lib/python3.14/site-packages/rest_framework/views.py", line 515, in dispatch
    response = self.handle_exception(exc)
  File "/Users/chirag/Desktop/project/openhouse/core/venv/lib/python3.14/site-packages/rest_framework/views.py", line 475, in handle_exception
    self.raise_uncaught_exception(exc)
    ~~~~~~~~~~~~~~~~~~~~~~~~~~~~~^^^^^
  File "/Users/chirag/Desktop/project/openhouse/core/venv/lib/python3.14/site-packages/rest_framework/views.py", line 486, in raise_uncaught_exception
    raise exc
  File "/Users/chirag/Desktop/project/openhouse/core/venv/lib/python3.14/site-packages/rest_framework/views.py", line 512, in dispatch
    response = handler(request, *args, **kwargs)
  File "/Users/chirag/Desktop/project/openhouse/core/api/views.py", line 255, in upload_business_card
    profile = LenderProfile.objects.create(user=request.user)
  File "/Users/chirag/Desktop/project/openhouse/core/venv/lib/python3.14/site-packages/django/db/models/manager.py", line 87, in manager_method
    return getattr(self.get_queryset(), name)(*args, **kwargs)
           ~~~~~~~~~~~~~~~~~~~~~~~~~~~~~~~~~~^^^^^^^^^^^^^^^^^
  File "/Users/chirag/Desktop/project/openhouse/core/venv/lib/python3.14/site-packages/django/db/models/query.py", line 669, in create
    obj.save(force_insert=True, using=self.db)
    ~~~~~~~~^^^^^^^^^^^^^^^^^^^^^^^^^^^^^^^^^^
  File "/Users/chirag/Desktop/project/openhouse/core/venv/lib/python3.14/site-packages/django/db/models/base.py", line 874, in save
    self.save_base(
    ~~~~~~~~~~~~~~^
        using=using,
        ^^^^^^^^^^^^
    ...<2 lines>...
        update_fields=update_fields,
        ^^^^^^^^^^^^^^^^^^^^^^^^^^^^
    )
    ^
  File "/Users/chirag/Desktop/project/openhouse/core/venv/lib/python3.14/site-packages/django/db/models/base.py", line 966, in save_base
    updated = self._save_table(
        raw,
    ...<4 lines>...
        update_fields,
    )
  File "/Users/chirag/Desktop/project/openhouse/core/venv/lib/python3.14/site-packages/django/db/models/base.py", line 1169, in _save_table
    results = self._do_insert(
        cls._base_manager, using, insert_fields, returning_fields, raw
    )
  File "/Users/chirag/Desktop/project/openhouse/core/venv/lib/python3.14/site-packages/django/db/models/base.py", line 1220, in _do_insert
    return manager._insert(
           ~~~~~~~~~~~~~~~^
        [self],
        ^^^^^^^
    ...<3 lines>...
        raw=raw,
        ^^^^^^^^
    )
    ^
  File "/Users/chirag/Desktop/project/openhouse/core/venv/lib/python3.14/site-packages/django/db/models/manager.py", line 87, in manager_method
    return getattr(self.get_queryset(), name)(*args, **kwargs)
           ~~~~~~~~~~~~~~~~~~~~~~~~~~~~~~~~~~^^^^^^^^^^^^^^^^^
  File "/Users/chirag/Desktop/project/openhouse/core/venv/lib/python3.14/site-packages/django/db/models/query.py", line 1918, in _insert
    return query.get_compiler(using=using).execute_sql(returning_fields)
           ~~~~~~~~~~~~~~~~~~~~~~~~~~~~~~~~~~~~~~~~~~~^^^^^^^^^^^^^^^^^^
  File "/Users/chirag/Desktop/project/openhouse/core/venv/lib/python3.14/site-packages/django/db/models/sql/compiler.py", line 1925, in execute_sql
    cursor.execute(sql, params)
    ~~~~~~~~~~~~~~^^^^^^^^^^^^^
  File "/Users/chirag/Desktop/project/openhouse/core/venv/lib/python3.14/site-packages/django/db/backends/utils.py", line 122, in execute
    return super().execute(sql, params)
           ~~~~~~~~~~~~~~~^^^^^^^^^^^^^
  File "/Users/chirag/Desktop/project/openhouse/core/venv/lib/python3.14/site-packages/django/db/backends/utils.py", line 79, in execute
    return self._execute_with_wrappers(
           ~~~~~~~~~~~~~~~~~~~~~~~~~~~^
        sql, params, many=False, executor=self._execute
        ^^^^^^^^^^^^^^^^^^^^^^^^^^^^^^^^^^^^^^^^^^^^^^^
    )
    ^
  File "/Users/chirag/Desktop/project/openhouse/core/venv/lib/python3.14/site-packages/django/db/backends/utils.py", line 92, in _execute_with_wrappers
    return executor(sql, params, many, context)
  File "/Users/chirag/Desktop/project/openhouse/core/venv/lib/python3.14/site-packages/django/db/backends/utils.py", line 100, in _execute
    with self.db.wrap_database_errors:
         ^^^^^^^^^^^^^^^^^^^^^^^^^^^^
  File "/Users/chirag/Desktop/project/openhouse/core/venv/lib/python3.14/site-packages/django/db/utils.py", line 94, in __exit__
    raise dj_exc_value.with_traceback(traceback) from exc_value
  File "/Users/chirag/Desktop/project/openhouse/core/venv/lib/python3.14/site-packages/django/db/backends/utils.py", line 105, in _execute
    return self.cursor.execute(sql, params)
           ~~~~~~~~~~~~~~~~~~~^^^^^^^^^^^^^
  File "/Users/chirag/Desktop/project/openhouse/core/venv/lib/python3.14/site-packages/django/db/backends/sqlite3/base.py", line 359, in execute
    return super().execute(query, params)
           ~~~~~~~~~~~~~~~^^^^^^^^^^^^^^^
django.db.utils.IntegrityError: UNIQUE constraint failed: api_lenderprofile.user_id
[09/Mar/2026 17:10:19] "POST /api/lender-profile/upload_business_card/ HTTP/1.1" 500 206175
[09/Mar/2026 17:10:28] "POST /api/perks/ HTTP/1.1" 201 318
[09/Mar/2026 17:10:28] "GET /api/perks/by_property/8/ HTTP/1.1" 200 320
[09/Mar/2026 17:10:30] "GET /dashboard/lender/?tab=perks HTTP/1.1" 200 56509
[09/Mar/2026 17:10:30] "GET /api/properties/public_listings/ HTTP/1.1" 200 4216
[09/Mar/2026 17:10:30] "GET /api/perks/by_property/9/ HTTP/1.1" 200 2
[09/Mar/2026 17:10:30] "GET /api/lender-profile/me/ HTTP/1.1" 200 572
[09/Mar/2026 17:10:34] "GET /dashboard/lender/?tab=perks HTTP/1.1" 200 56509
[09/Mar/2026 17:10:35] "GET /api/properties/public_listings/ HTTP/1.1" 200 4216
[09/Mar/2026 17:10:35] "GET /api/perks/by_property/9/ HTTP/1.1" 200 2
[09/Mar/2026 17:10:35] "GET /api/lender-profile/me/ HTTP/1.1" 200 572
[09/Mar/2026 17:10:35] "GET /dashboard/lender/?tab=perks HTTP/1.1" 200 56509
[09/Mar/2026 17:10:35] "GET /api/properties/public_listings/ HTTP/1.1" 200 4216
[09/Mar/2026 17:10:35] "GET /api/perks/by_property/9/ HTTP/1.1" 200 2
[09/Mar/2026 17:10:35] "GET /api/lender-profile/me/ HTTP/1.1" 200 572
[09/Mar/2026 17:10:36] "GET /dashboard/lender/?tab=perks HTTP/1.1" 200 56509
[09/Mar/2026 17:10:36] "GET /api/properties/public_listings/ HTTP/1.1" 200 4216
[09/Mar/2026 17:10:36] "GET /api/perks/by_property/9/ HTTP/1.1" 200 2
[09/Mar/2026 17:10:36] "GET /api/lender-profile/me/ HTTP/1.1" 200 572
[09/Mar/2026 17:10:41] "POST /api/perks/ HTTP/1.1" 201 264
[09/Mar/2026 17:10:41] "GET /api/perks/by_property/9/ HTTP/1.1" 200 266
[09/Mar/2026 17:10:43] "GET /dashboard/lender/?tab=perks HTTP/1.1" 200 56509
[09/Mar/2026 17:10:43] "GET /api/properties/public_listings/ HTTP/1.1" 200 4216
[09/Mar/2026 17:10:43] "GET /api/perks/by_property/9/ HTTP/1.1" 200 266
[09/Mar/2026 17:10:44] "GET /api/lender-profile/me/ HTTP/1.1" 200 572
[09/Mar/2026 17:10:44] "GET /dashboard/lender/?tab=perks HTTP/1.1" 200 56509
[09/Mar/2026 17:10:44] "GET /api/properties/public_listings/ HTTP/1.1" 200 4216
[09/Mar/2026 17:10:44] "GET /api/perks/by_property/9/ HTTP/1.1" 200 266
[09/Mar/2026 17:10:44] "GET /api/lender-profile/me/ HTTP/1.1" 200 572
[09/Mar/2026 17:10:51] "GET /api/properties/public_listings/ HTTP/1.1" 200 4216
[09/Mar/2026 17:10:51] "GET /api/perks/by_property/9/ HTTP/1.1" 200 266
[09/Mar/2026 17:11:09] "GET /api/notification-settings/me/ HTTP/1.1" 200 142
[09/Mar/2026 17:11:14] "GET /api/properties/public_listings/ HTTP/1.1" 200 4216
[09/Mar/2026 17:11:14] "GET /api/perks/by_property/9/ HTTP/1.1" 200 266
[09/Mar/2026 17:11:19] "GET /api/notification-settings/me/ HTTP/1.1" 200 142
[09/Mar/2026 17:11:22] "GET /lenders/ HTTP/1.1" 200 29352
[09/Mar/2026 17:16:03] "GET /lenders/ HTTP/1.1" 200 37882
[09/Mar/2026 17:16:05] "GET /dashboard/lender/ HTTP/1.1" 200 56509
[09/Mar/2026 17:16:05] "GET /api/lender-profile/me/ HTTP/1.1" 200 572
[09/Mar/2026 17:16:05] "GET /media/profile_photos/51_lender.jpg HTTP/1.1" 304 0
[09/Mar/2026 17:16:08] "GET /dashboard/lender/?tab=profile HTTP/1.1" 200 56509
[09/Mar/2026 17:16:08] "GET /api/lender-profile/me/ HTTP/1.1" 200 572
[09/Mar/2026 17:16:16] "POST /api/lender-profile/upload_business_card/ HTTP/1.1" 200 125
[09/Mar/2026 17:16:16] "GET /media/business_cards/51_lender_front.png HTTP/1.1" 200 48108
[09/Mar/2026 17:16:20] "POST /api/lender-profile/upload_business_card/ HTTP/1.1" 200 122
[09/Mar/2026 17:16:20] "GET /media/business_cards/51_lender_back.png HTTP/1.1" 200 41504
[09/Mar/2026 17:16:22] "PATCH /api/lender-profile/update_profile/ HTTP/1.1" 200 653
[09/Mar/2026 17:16:25] "GET /dashboard/lender/?tab=profile HTTP/1.1" 200 56509
[09/Mar/2026 17:16:25] "GET /api/lender-profile/me/ HTTP/1.1" 200 653
[09/Mar/2026 17:16:25] "GET /media/business_cards/51_lender_back.png HTTP/1.1" 304 0
[09/Mar/2026 17:16:25] "GET /media/business_cards/51_lender_front.png HTTP/1.1" 304 0
[09/Mar/2026 17:17:08] "GET /dashboard/lender/?tab=profile HTTP/1.1" 200 56509
[09/Mar/2026 17:17:09] "GET /api/lender-profile/me/ HTTP/1.1" 200 653
[09/Mar/2026 17:17:09] "GET /media/business_cards/51_lender_back.png HTTP/1.1" 304 0
[09/Mar/2026 17:17:09] "GET /media/business_cards/51_lender_front.png HTTP/1.1" 304 0
[09/Mar/2026 17:17:09] "GET /api/properties/public_listings/ HTTP/1.1" 200 5454
[09/Mar/2026 17:17:09] "GET /api/perks/by_property/11/ HTTP/1.1" 200 291
[09/Mar/2026 17:17:11] "GET /api/notification-settings/me/ HTTP/1.1" 200 142
[09/Mar/2026 17:17:12] "GET /api/properties/public_listings/ HTTP/1.1" 200 5454
[09/Mar/2026 17:17:12] "GET /api/perks/by_property/11/ HTTP/1.1" 200 291
[09/Mar/2026 17:17:13] "GET /dashboard/lender/?tab=perks HTTP/1.1" 200 56509
[09/Mar/2026 17:17:13] "GET /api/properties/public_listings/ HTTP/1.1" 200 5454
[09/Mar/2026 17:17:13] "GET /api/perks/by_property/11/ HTTP/1.1" 200 291
[09/Mar/2026 17:17:13] "GET /api/lender-profile/me/ HTTP/1.1" 200 653
[09/Mar/2026 17:37:45] "GET /dashboard/lender/?tab=perks HTTP/1.1" 200 57949
[09/Mar/2026 17:37:45] "GET /api/properties/public_listings/ HTTP/1.1" 200 5454
[09/Mar/2026 17:37:45] "GET /api/perks/by_property/11/ HTTP/1.1" 200 291
[09/Mar/2026 17:37:45] "GET /api/lender-profile/me/ HTTP/1.1" 200 653
[09/Mar/2026 17:37:45] "GET /media/business_cards/51_lender_front.png HTTP/1.1" 304 0
[09/Mar/2026 17:37:45] "GET /media/business_cards/51_lender_back.png HTTP/1.1" 304 0
[09/Mar/2026 17:37:45] "GET /media/profile_photos/51_lender.jpg HTTP/1.1" 304 0
[09/Mar/2026 17:38:39] "GET /dashboard/lender/?tab=cards HTTP/1.1" 200 56712
[09/Mar/2026 17:38:39] "GET /api/lender-profile/me/ HTTP/1.1" 200 653
/Users/chirag/Desktop/project/openhouse/core/api/models.py changed, reloading.
Performing system checks...

System check identified no issues (0 silenced).
March 09, 2026 - 17:07:08
Django version 6.0.2, using settings 'core.settings'
Starting development server at http://127.0.0.1:8000/
Quit the server with CONTROL-C.

WARNING: This is a development server. Do not use it in a production setting. Use a production WSGI or ASGI server instead.
For more information on production servers see: https://docs.djangoproject.com/en/6.0/howto/deployment/
Watching for file changes with StatReloader
[09/Mar/2026 17:40:10] "GET /dashboard/lender/?tab=profile HTTP/1.1" 200 56712
[09/Mar/2026 17:40:10] "GET /api/lender-profile/me/ HTTP/1.1" 200 653
[09/Mar/2026 17:40:10] "GET /media/business_cards/51_lender_back.png HTTP/1.1" 304 0
[09/Mar/2026 17:40:10] "GET /media/business_cards/51_lender_front.png HTTP/1.1" 304 0
/Users/chirag/Desktop/project/openhouse/core/api/models.py changed, reloading.
Performing system checks...

System check identified no issues (0 silenced).
March 09, 2026 - 17:39:47
Django version 6.0.2, using settings 'core.settings'
Starting development server at http://127.0.0.1:8000/
Quit the server with CONTROL-C.

WARNING: This is a development server. Do not use it in a production setting. Use a production WSGI or ASGI server instead.
For more information on production servers see: https://docs.djangoproject.com/en/6.0/howto/deployment/
Watching for file changes with StatReloader
/Users/chirag/Desktop/project/openhouse/core/core/urls.py changed, reloading.
Performing system checks...

System check identified no issues (0 silenced).
March 09, 2026 - 17:40:18
Django version 6.0.2, using settings 'core.settings'
Starting development server at http://127.0.0.1:8000/
Quit the server with CONTROL-C.

WARNING: This is a development server. Do not use it in a production setting. Use a production WSGI or ASGI server instead.
For more information on production servers see: https://docs.djangoproject.com/en/6.0/howto/deployment/
Watching for file changes with StatReloader
[09/Mar/2026 17:47:08] "GET /lenders/ HTTP/1.1" 200 30213
[09/Mar/2026 17:51:37] "GET /dashboard/lender/?tab=profile HTTP/1.1" 200 90952
[09/Mar/2026 17:51:38] "GET /api/lender-profile/me/ HTTP/1.1" 200 653
[09/Mar/2026 17:51:38] "GET /media/business_cards/51_lender_front.png HTTP/1.1" 304 0
[09/Mar/2026 17:51:38] "GET /media/business_cards/51_lender_back.png HTTP/1.1" 304 0
[09/Mar/2026 17:51:38] "GET /media/profile_photos/51_lender.jpg HTTP/1.1" 304 0
[09/Mar/2026 17:52:02] "GET / HTTP/1.1" 200 19451
[09/Mar/2026 17:52:03] "GET /api/properties/public_listings/ HTTP/1.1" 200 5454
[09/Mar/2026 17:52:03] "GET /media/property_photos/9XKE13_0.png HTTP/1.1" 304 0
[09/Mar/2026 17:52:03] "GET /media/property_photos/1TGLVH_0.png HTTP/1.1" 304 0
[09/Mar/2026 17:52:06] "GET /lenders/ HTTP/1.1" 200 30213
/Users/chirag/Desktop/project/openhouse/core/core/urls.py changed, reloading.
Performing system checks...

System check identified no issues (0 silenced).
March 09, 2026 - 17:45:28
Django version 6.0.2, using settings 'core.settings'
Starting development server at http://127.0.0.1:8000/
Quit the server with CONTROL-C.

WARNING: This is a development server. Do not use it in a production setting. Use a production WSGI or ASGI server instead.
For more information on production servers see: https://docs.djangoproject.com/en/6.0/howto/deployment/
Watching for file changes with StatReloader
[09/Mar/2026 17:57:20] "GET /lenders/ HTTP/1.1" 200 30213
[09/Mar/2026 17:57:21] "GET /dashboard/lender/ HTTP/1.1" 200 90952
[09/Mar/2026 17:57:22] "GET /api/lender-profile/me/ HTTP/1.1" 200 653
[09/Mar/2026 17:57:22] "GET /media/profile_photos/51_lender.jpg HTTP/1.1" 304 0
[09/Mar/2026 17:57:22] "GET /media/business_cards/51_lender_front.png HTTP/1.1" 304 0
[09/Mar/2026 17:57:22] "GET /media/business_cards/51_lender_back.png HTTP/1.1" 304 0
[09/Mar/2026 17:57:25] "GET /lenders/ HTTP/1.1" 200 43737
[09/Mar/2026 17:58:03] "GET /lenders/ HTTP/1.1" 200 43737
[09/Mar/2026 17:58:19] "GET /dashboard/lender/?tab=properties HTTP/1.1" 200 40382
[09/Mar/2026 17:58:20] "GET /api/lender-profile/me/ HTTP/1.1" 200 653
Performing system checks...

System check identified no issues (0 silenced).
March 09, 2026 - 17:54:06
Django version 6.0.2, using settings 'core.settings'
Starting development server at http://127.0.0.1:8000/
Quit the server with CONTROL-C.

WARNING: This is a development server. Do not use it in a production setting. Use a production WSGI or ASGI server instead.
For more information on production servers see: https://docs.djangoproject.com/en/6.0/howto/deployment/
